\BOOKMARK [1][-]{section.1}{Objetivos}{}% 1
\BOOKMARK [2][-]{subsection.1.1}{Objetivos Generales}{section.1}% 2
\BOOKMARK [2][-]{subsection.1.2}{Objetivos Espec\355ficos}{section.1}% 3
\BOOKMARK [1][-]{section.2}{Resumen Ejecutivo}{}% 4
\BOOKMARK [1][-]{section.3}{Descripci\363n del Proyecto}{}% 5
\BOOKMARK [2][-]{subsection.3.1}{Determinar las especies y el material a utilizar}{section.3}% 6
\BOOKMARK [2][-]{subsection.3.2}{Elegir los marcadores moleculares}{section.3}% 7
\BOOKMARK [2][-]{subsection.3.3}{Realizar el alineamiento m\372ltiple de genes hom\363logos}{section.3}% 8
\BOOKMARK [2][-]{subsection.3.4}{Modelo Evolutivo Kimura}{section.3}% 9
\BOOKMARK [3][-]{subsubsection.3.4.1}{Construcci\363n de la matriz de distancias}{subsection.3.4}% 10
\BOOKMARK [2][-]{subsection.3.5}{M\351todos para la construcci\363n de \341rbol filogen\351tico}{section.3}% 11
\BOOKMARK [3][-]{subsubsection.3.5.1}{UPGMA}{subsection.3.5}% 12
\BOOKMARK [3][-]{subsubsection.3.5.2}{Uni\363n de Vecinos}{subsection.3.5}% 13
\BOOKMARK [2][-]{subsection.3.6}{Verificar la fiabilidad del \341rbol construido}{section.3}% 14
\BOOKMARK [2][-]{subsection.3.7}{Analizar el \341rbol filogen\351tico}{section.3}% 15
\BOOKMARK [3][-]{subsubsection.3.7.1}{Modelamiento de la Estrutura de Proteinas}{subsection.3.7}% 16
\BOOKMARK [2][-]{subsection.3.8}{Cronograma}{section.3}% 17
\BOOKMARK [1][-]{section.4}{Algoritmos e implementaci\363n computacional}{}% 18
\BOOKMARK [1][-]{section.5}{Resultados}{}% 19
\BOOKMARK [1][-]{section.6}{Conclusiones}{}% 20
\BOOKMARK [1][-]{section.7}{Ap\351ndice}{}% 21
